2021-08-26 19:08:33 INFO c.e.j.t.m.Main [main] Parser starts
2021-08-26 19:08:33 DEBUG c.e.j.t.c.Parser [main] Conversion String to Sentences started
2021-08-26 19:08:33 DEBUG c.e.j.t.c.Parser [main] Conversion Sentences to Word started
2021-08-26 19:08:33 DEBUG c.e.j.t.c.Parser [main] Conversion Sentences to Word started
2021-08-26 19:08:33 DEBUG c.e.j.t.c.Parser [main] Conversion Sentences to Word started
2021-08-26 19:08:33 DEBUG c.e.j.t.c.Parser [main] Conversion Sentences to Word started
2021-08-26 19:08:33 DEBUG c.e.j.t.c.Parser [main] Conversion Sentences to Word started
2021-08-26 19:08:33 DEBUG c.e.j.t.c.Parser [main] Conversion Sentences to Word started
2021-08-26 19:08:33 DEBUG c.e.j.t.c.Parser [main] Conversion Sentences to Word started
2021-08-26 19:08:33 DEBUG c.e.j.t.c.Parser [main] Conversion Sentences to Word started
2021-08-26 19:08:33 DEBUG c.e.j.t.c.Parser [main] Conversion Sentences to Word started
2021-08-26 19:08:33 DEBUG c.e.j.t.c.Parser [main] Conversion Sentences to Word started
2021-08-26 19:08:33 DEBUG c.e.j.t.l.Logic [main] First task
2021-08-26 19:08:33 DEBUG c.e.j.t.l.Logic [main] Second task
2021-08-26 19:08:33 DEBUG c.e.j.t.l.Logic [main] Forth task
2021-08-26 19:08:33 DEBUG c.e.j.t.l.Logic [main] Third task
2021-08-26 19:08:33 DEBUG c.e.j.t.l.Logic [main] Fives task
2021-08-26 19:08:33 DEBUG c.e.j.t.l.Logic [main] Six task
2021-08-26 19:09:22 INFO c.e.j.t.m.Main [main] Parser starts
2021-08-26 19:09:22 DEBUG c.e.j.t.c.Parser [main] Conversion String to Sentences started
2021-08-26 19:09:22 DEBUG c.e.j.t.c.Parser [main] Conversion Sentences to Word started
2021-08-26 19:09:22 DEBUG c.e.j.t.c.Parser [main] Conversion Sentences to Word started
2021-08-26 19:09:22 DEBUG c.e.j.t.c.Parser [main] Conversion Sentences to Word started
2021-08-26 19:09:22 DEBUG c.e.j.t.c.Parser [main] Conversion Sentences to Word started
2021-08-26 19:09:22 DEBUG c.e.j.t.c.Parser [main] Conversion Sentences to Word started
2021-08-26 19:09:22 DEBUG c.e.j.t.c.Parser [main] Conversion Sentences to Word started
2021-08-26 19:09:22 DEBUG c.e.j.t.c.Parser [main] Conversion Sentences to Word started
2021-08-26 19:09:22 DEBUG c.e.j.t.c.Parser [main] Conversion Sentences to Word started
2021-08-26 19:09:22 DEBUG c.e.j.t.c.Parser [main] Conversion Sentences to Word started
2021-08-26 19:09:22 DEBUG c.e.j.t.c.Parser [main] Conversion Sentences to Word started
2021-08-26 19:09:22 DEBUG c.e.j.t.l.Logic [main] First task
2021-08-26 19:09:22 DEBUG c.e.j.t.l.Logic [main] Second task
2021-08-26 19:09:22 DEBUG c.e.j.t.l.Logic [main] Forth task
2021-08-26 19:09:22 DEBUG c.e.j.t.l.Logic [main] Third task
2021-08-26 19:09:22 DEBUG c.e.j.t.l.Logic [main] Fives task
2021-08-26 19:09:22 DEBUG c.e.j.t.l.Logic [main] Six task
2021-08-26 19:10:58 INFO c.e.j.t.m.Main [main] Parser starts
2021-08-26 19:10:58 DEBUG c.e.j.t.c.Parser [main] Conversion String to Sentences started
2021-08-26 19:10:58 DEBUG c.e.j.t.c.Parser [main] Conversion Sentences to Word started
2021-08-26 19:10:58 DEBUG c.e.j.t.c.Parser [main] Conversion Sentences to Word started
2021-08-26 19:10:58 DEBUG c.e.j.t.c.Parser [main] Conversion Sentences to Word started
2021-08-26 19:10:58 DEBUG c.e.j.t.c.Parser [main] Conversion Sentences to Word started
2021-08-26 19:10:58 DEBUG c.e.j.t.c.Parser [main] Conversion Sentences to Word started
2021-08-26 19:10:58 DEBUG c.e.j.t.c.Parser [main] Conversion Sentences to Word started
2021-08-26 19:10:58 DEBUG c.e.j.t.c.Parser [main] Conversion Sentences to Word started
2021-08-26 19:10:58 DEBUG c.e.j.t.c.Parser [main] Conversion Sentences to Word started
2021-08-26 19:10:58 DEBUG c.e.j.t.c.Parser [main] Conversion Sentences to Word started
2021-08-26 19:10:58 DEBUG c.e.j.t.c.Parser [main] Conversion Sentences to Word started
2021-08-26 19:10:58 DEBUG c.e.j.t.l.Logic [main] First task
2021-08-26 19:10:58 DEBUG c.e.j.t.l.Logic [main] Second task
2021-08-26 19:10:58 DEBUG c.e.j.t.l.Logic [main] Forth task
2021-08-26 19:10:58 DEBUG c.e.j.t.l.Logic [main] Third task
2021-08-26 19:10:58 DEBUG c.e.j.t.l.Logic [main] Fives task
2021-08-26 19:10:58 DEBUG c.e.j.t.l.Logic [main] Six task
2021-08-26 19:14:46 INFO c.e.j.t.m.Main [main] Parser starts
2021-08-26 19:14:46 DEBUG c.e.j.t.c.Parser [main] Conversion String to Sentences started
2021-08-26 19:14:46 DEBUG c.e.j.t.c.Parser [main] Conversion Sentences to Word started
2021-08-26 19:14:46 DEBUG c.e.j.t.c.Parser [main] Conversion Sentences to Word started
2021-08-26 19:14:46 DEBUG c.e.j.t.c.Parser [main] Conversion Sentences to Word started
2021-08-26 19:14:46 DEBUG c.e.j.t.c.Parser [main] Conversion Sentences to Word started
2021-08-26 19:14:46 DEBUG c.e.j.t.c.Parser [main] Conversion Sentences to Word started
2021-08-26 19:14:46 DEBUG c.e.j.t.c.Parser [main] Conversion Sentences to Word started
2021-08-26 19:14:46 DEBUG c.e.j.t.c.Parser [main] Conversion Sentences to Word started
2021-08-26 19:14:46 DEBUG c.e.j.t.c.Parser [main] Conversion Sentences to Word started
2021-08-26 19:14:46 DEBUG c.e.j.t.c.Parser [main] Conversion Sentences to Word started
2021-08-26 19:14:46 DEBUG c.e.j.t.c.Parser [main] Conversion Sentences to Word started
2021-08-26 19:14:46 DEBUG c.e.j.t.l.Logic [main] First task
2021-08-26 19:14:46 DEBUG c.e.j.t.l.Logic [main] Second task
2021-08-26 19:14:46 DEBUG c.e.j.t.l.Logic [main] Forth task
2021-08-26 19:14:46 DEBUG c.e.j.t.l.Logic [main] Third task
2021-08-26 19:14:46 DEBUG c.e.j.t.l.Logic [main] Fives task
2021-08-26 19:14:46 DEBUG c.e.j.t.l.Logic [main] Six task
2021-08-26 19:16:25 INFO c.e.j.t.m.Main [main] Parser starts
2021-08-26 19:16:25 DEBUG c.e.j.t.c.Parser [main] Conversion String to Sentences started
2021-08-26 19:16:25 DEBUG c.e.j.t.c.Parser [main] Conversion Sentences to Word started
2021-08-26 19:16:25 DEBUG c.e.j.t.c.Parser [main] Conversion Sentences to Word started
2021-08-26 19:16:25 DEBUG c.e.j.t.c.Parser [main] Conversion Sentences to Word started
2021-08-26 19:16:25 DEBUG c.e.j.t.c.Parser [main] Conversion Sentences to Word started
2021-08-26 19:16:25 DEBUG c.e.j.t.c.Parser [main] Conversion Sentences to Word started
2021-08-26 19:16:25 DEBUG c.e.j.t.c.Parser [main] Conversion Sentences to Word started
2021-08-26 19:16:25 DEBUG c.e.j.t.c.Parser [main] Conversion Sentences to Word started
2021-08-26 19:16:25 DEBUG c.e.j.t.c.Parser [main] Conversion Sentences to Word started
2021-08-26 19:16:25 DEBUG c.e.j.t.c.Parser [main] Conversion Sentences to Word started
2021-08-26 19:16:25 DEBUG c.e.j.t.c.Parser [main] Conversion Sentences to Word started
2021-08-26 19:16:25 DEBUG c.e.j.t.l.Logic [main] First task
2021-08-26 19:16:25 DEBUG c.e.j.t.l.Logic [main] Second task
2021-08-26 19:16:25 DEBUG c.e.j.t.l.Logic [main] Forth task
2021-08-26 19:16:25 DEBUG c.e.j.t.l.Logic [main] Third task
2021-08-26 19:16:25 DEBUG c.e.j.t.l.Logic [main] Fives task
2021-08-26 19:16:25 DEBUG c.e.j.t.l.Logic [main] Six task
2021-08-26 19:16:55 INFO c.e.j.t.m.Main [main] Parser starts
2021-08-26 19:16:55 DEBUG c.e.j.t.c.Parser [main] Conversion String to Sentences started
2021-08-26 19:16:55 DEBUG c.e.j.t.c.Parser [main] Conversion Sentences to Word started
2021-08-26 19:16:55 DEBUG c.e.j.t.c.Parser [main] Conversion Sentences to Word started
2021-08-26 19:16:55 DEBUG c.e.j.t.c.Parser [main] Conversion Sentences to Word started
2021-08-26 19:16:55 DEBUG c.e.j.t.c.Parser [main] Conversion Sentences to Word started
2021-08-26 19:16:55 DEBUG c.e.j.t.c.Parser [main] Conversion Sentences to Word started
2021-08-26 19:16:55 DEBUG c.e.j.t.c.Parser [main] Conversion Sentences to Word started
2021-08-26 19:16:55 DEBUG c.e.j.t.c.Parser [main] Conversion Sentences to Word started
2021-08-26 19:16:55 DEBUG c.e.j.t.c.Parser [main] Conversion Sentences to Word started
2021-08-26 19:16:55 DEBUG c.e.j.t.c.Parser [main] Conversion Sentences to Word started
2021-08-26 19:16:55 DEBUG c.e.j.t.c.Parser [main] Conversion Sentences to Word started
2021-08-26 19:16:55 DEBUG c.e.j.t.l.Logic [main] First task
2021-08-26 19:16:55 DEBUG c.e.j.t.l.Logic [main] Second task
2021-08-26 19:16:55 DEBUG c.e.j.t.l.Logic [main] Forth task
2021-08-26 19:16:55 DEBUG c.e.j.t.l.Logic [main] Third task
2021-08-26 19:16:55 DEBUG c.e.j.t.l.Logic [main] Fives task
2021-08-26 19:16:55 DEBUG c.e.j.t.l.Logic [main] Six task
2021-08-26 19:19:36 INFO c.e.j.t.m.Main [main] Parser starts
2021-08-26 19:19:36 DEBUG c.e.j.t.c.Parser [main] Conversion String to Sentences started
2021-08-26 19:19:36 DEBUG c.e.j.t.c.Parser [main] Conversion Sentences to Word started
2021-08-26 19:19:36 DEBUG c.e.j.t.c.Parser [main] Conversion Sentences to Word started
2021-08-26 19:19:36 DEBUG c.e.j.t.c.Parser [main] Conversion Sentences to Word started
2021-08-26 19:19:36 DEBUG c.e.j.t.c.Parser [main] Conversion Sentences to Word started
2021-08-26 19:19:36 DEBUG c.e.j.t.c.Parser [main] Conversion Sentences to Word started
2021-08-26 19:19:36 DEBUG c.e.j.t.c.Parser [main] Conversion Sentences to Word started
2021-08-26 19:19:36 DEBUG c.e.j.t.c.Parser [main] Conversion Sentences to Word started
2021-08-26 19:19:36 DEBUG c.e.j.t.c.Parser [main] Conversion Sentences to Word started
2021-08-26 19:19:36 DEBUG c.e.j.t.c.Parser [main] Conversion Sentences to Word started
2021-08-26 19:19:36 DEBUG c.e.j.t.c.Parser [main] Conversion Sentences to Word started
2021-08-26 19:19:36 DEBUG c.e.j.t.l.Logic [main] First task
2021-08-26 19:19:36 DEBUG c.e.j.t.l.Logic [main] Second task
2021-08-26 19:19:36 DEBUG c.e.j.t.l.Logic [main] Forth task
2021-08-26 19:19:36 DEBUG c.e.j.t.l.Logic [main] Third task
2021-08-26 19:19:36 DEBUG c.e.j.t.l.Logic [main] Fives task
2021-08-26 19:19:36 DEBUG c.e.j.t.l.Logic [main] Six task
2021-08-26 19:25:53 INFO c.e.j.t.m.Main [main] Parser starts
2021-08-26 19:25:53 DEBUG c.e.j.t.c.Parser [main] Conversion String to Sentences started
2021-08-26 19:25:53 DEBUG c.e.j.t.c.Parser [main] Conversion Sentences to Word started
2021-08-26 19:25:53 DEBUG c.e.j.t.c.Parser [main] Conversion Sentences to Word started
2021-08-26 19:25:53 DEBUG c.e.j.t.c.Parser [main] Conversion Sentences to Word started
2021-08-26 19:25:53 DEBUG c.e.j.t.c.Parser [main] Conversion Sentences to Word started
2021-08-26 19:25:53 DEBUG c.e.j.t.c.Parser [main] Conversion Sentences to Word started
2021-08-26 19:25:53 DEBUG c.e.j.t.c.Parser [main] Conversion Sentences to Word started
2021-08-26 19:25:53 DEBUG c.e.j.t.c.Parser [main] Conversion Sentences to Word started
2021-08-26 19:25:53 DEBUG c.e.j.t.c.Parser [main] Conversion Sentences to Word started
2021-08-26 19:25:53 DEBUG c.e.j.t.c.Parser [main] Conversion Sentences to Word started
2021-08-26 19:25:53 DEBUG c.e.j.t.c.Parser [main] Conversion Sentences to Word started
2021-08-26 19:25:53 DEBUG c.e.j.t.l.Logic [main] First task
2021-08-26 19:25:53 DEBUG c.e.j.t.l.Logic [main] Second task
2021-08-26 19:25:53 DEBUG c.e.j.t.l.Logic [main] Forth task
2021-08-26 19:25:53 DEBUG c.e.j.t.l.Logic [main] Third task
2021-08-26 19:25:53 DEBUG c.e.j.t.l.Logic [main] Fives task
2021-08-26 19:25:53 DEBUG c.e.j.t.l.Logic [main] Six task
2021-08-26 19:29:07 INFO c.e.j.t.m.Main [main] Parser starts
2021-08-26 19:29:07 DEBUG c.e.j.t.c.Parser [main] Conversion String to Sentences started
2021-08-26 19:29:07 DEBUG c.e.j.t.c.Parser [main] Conversion Sentences to Word started
2021-08-26 19:29:07 DEBUG c.e.j.t.c.Parser [main] Conversion Sentences to Word started
2021-08-26 19:29:07 DEBUG c.e.j.t.c.Parser [main] Conversion Sentences to Word started
2021-08-26 19:29:07 DEBUG c.e.j.t.c.Parser [main] Conversion Sentences to Word started
2021-08-26 19:29:07 DEBUG c.e.j.t.c.Parser [main] Conversion Sentences to Word started
2021-08-26 19:29:07 DEBUG c.e.j.t.c.Parser [main] Conversion Sentences to Word started
2021-08-26 19:29:07 DEBUG c.e.j.t.c.Parser [main] Conversion Sentences to Word started
2021-08-26 19:29:07 DEBUG c.e.j.t.c.Parser [main] Conversion Sentences to Word started
2021-08-26 19:29:07 DEBUG c.e.j.t.c.Parser [main] Conversion Sentences to Word started
2021-08-26 19:29:07 DEBUG c.e.j.t.c.Parser [main] Conversion Sentences to Word started
2021-08-26 19:29:07 DEBUG c.e.j.t.l.Logic [main] First task
2021-08-26 19:29:07 DEBUG c.e.j.t.l.Logic [main] Second task
2021-08-26 19:29:07 DEBUG c.e.j.t.l.Logic [main] Forth task
2021-08-26 19:29:07 DEBUG c.e.j.t.l.Logic [main] Third task
2021-08-26 19:29:07 DEBUG c.e.j.t.l.Logic [main] Fives task
2021-08-26 19:29:07 DEBUG c.e.j.t.l.Logic [main] Six task
2021-08-26 19:29:21 INFO c.e.j.t.m.Main [main] Parser starts
2021-08-26 19:29:21 DEBUG c.e.j.t.c.Parser [main] Conversion String to Sentences started
2021-08-26 19:29:21 DEBUG c.e.j.t.c.Parser [main] Conversion Sentences to Word started
2021-08-26 19:29:21 DEBUG c.e.j.t.c.Parser [main] Conversion Sentences to Word started
2021-08-26 19:29:21 DEBUG c.e.j.t.c.Parser [main] Conversion Sentences to Word started
2021-08-26 19:29:21 DEBUG c.e.j.t.c.Parser [main] Conversion Sentences to Word started
2021-08-26 19:29:21 DEBUG c.e.j.t.c.Parser [main] Conversion Sentences to Word started
2021-08-26 19:29:21 DEBUG c.e.j.t.c.Parser [main] Conversion Sentences to Word started
2021-08-26 19:29:21 DEBUG c.e.j.t.c.Parser [main] Conversion Sentences to Word started
2021-08-26 19:29:21 DEBUG c.e.j.t.c.Parser [main] Conversion Sentences to Word started
2021-08-26 19:29:21 DEBUG c.e.j.t.c.Parser [main] Conversion Sentences to Word started
2021-08-26 19:29:21 DEBUG c.e.j.t.c.Parser [main] Conversion Sentences to Word started
2021-08-26 19:29:21 DEBUG c.e.j.t.l.Logic [main] First task
2021-08-26 19:29:21 DEBUG c.e.j.t.l.Logic [main] Second task
2021-08-26 19:29:21 DEBUG c.e.j.t.l.Logic [main] Forth task
2021-08-26 19:29:21 DEBUG c.e.j.t.l.Logic [main] Third task
2021-08-26 19:29:21 DEBUG c.e.j.t.l.Logic [main] Fives task
2021-08-26 19:29:21 DEBUG c.e.j.t.l.Logic [main] Six task
2021-08-26 19:29:39 INFO c.e.j.t.m.Main [main] Parser starts
2021-08-26 19:29:39 DEBUG c.e.j.t.c.Parser [main] Conversion String to Sentences started
2021-08-26 19:29:39 DEBUG c.e.j.t.c.Parser [main] Conversion Sentences to Word started
2021-08-26 19:29:39 DEBUG c.e.j.t.c.Parser [main] Conversion Sentences to Word started
2021-08-26 19:29:39 DEBUG c.e.j.t.c.Parser [main] Conversion Sentences to Word started
2021-08-26 19:29:39 DEBUG c.e.j.t.c.Parser [main] Conversion Sentences to Word started
2021-08-26 19:29:39 DEBUG c.e.j.t.c.Parser [main] Conversion Sentences to Word started
2021-08-26 19:29:39 DEBUG c.e.j.t.c.Parser [main] Conversion Sentences to Word started
2021-08-26 19:29:39 DEBUG c.e.j.t.c.Parser [main] Conversion Sentences to Word started
2021-08-26 19:29:39 DEBUG c.e.j.t.c.Parser [main] Conversion Sentences to Word started
2021-08-26 19:29:39 DEBUG c.e.j.t.c.Parser [main] Conversion Sentences to Word started
2021-08-26 19:29:39 DEBUG c.e.j.t.c.Parser [main] Conversion Sentences to Word started
2021-08-26 19:29:39 DEBUG c.e.j.t.l.Logic [main] First task
2021-08-26 19:29:39 DEBUG c.e.j.t.l.Logic [main] Second task
2021-08-26 19:29:39 DEBUG c.e.j.t.l.Logic [main] Forth task
2021-08-26 19:29:39 DEBUG c.e.j.t.l.Logic [main] Third task
2021-08-26 19:29:39 DEBUG c.e.j.t.l.Logic [main] Fives task
2021-08-26 19:29:39 DEBUG c.e.j.t.l.Logic [main] Six task
